<?xml version="1.0" encoding="UTF-8"?>
<!-- Generated by org.testng.reporters.JUnitReportReporter -->
<testsuite name="functionalitiesTest.homePageData" tests="1" time="10.715" ignored="0" failures="1" timestamp="20 May 2020 14:57:41 GMT" skipped="0" hostname="DESKTOP-KP1US9J" errors="0">
  <testcase name="functionality2" time="10.715" classname="functionalitiesTest.homePageData">
    <failure type="java.lang.AssertionError" message="expected [Indraprasth Public School would like to thank parents for their trust and overwhelming response in IPS. We request you to complete admission formalities for the session 2016-2017 as soon as possible to get your child&#039;s seat confirmed.] but found [We at Indraprasth Public School would like to thank parents for their trust and overwhelming response in IPS. We request you to complete admission formalities for the session 2016-2017 as soon as possible to get your child&#039;s seat confirmed.]">
      <![CDATA[java.lang.AssertionError: expected [Indraprasth Public School would like to thank parents for their trust and overwhelming response in IPS. We request you to complete admission formalities for the session 2016-2017 as soon as possible to get your child's seat confirmed.] but found [We at Indraprasth Public School would like to thank parents for their trust and overwhelming response in IPS. We request you to complete admission formalities for the session 2016-2017 as soon as possible to get your child's seat confirmed.]
	at org.testng.Assert.fail(Assert.java:94)
	at org.testng.Assert.failNotEquals(Assert.java:513)
	at org.testng.Assert.assertEqualsImpl(Assert.java:135)
	at org.testng.Assert.assertEquals(Assert.java:116)
	at org.testng.Assert.assertEquals(Assert.java:190)
	at org.testng.Assert.assertEquals(Assert.java:200)
	at functionalitiesTest.homePageData.functionality2(homePageData.java:27)
	at sun.reflect.NativeMethodAccessorImpl.invoke0(Native Method)
	at sun.reflect.NativeMethodAccessorImpl.invoke(NativeMethodAccessorImpl.java:62)
	at sun.reflect.DelegatingMethodAccessorImpl.invoke(DelegatingMethodAccessorImpl.java:43)
	at java.lang.reflect.Method.invoke(Method.java:498)
	at org.testng.internal.MethodInvocationHelper.invokeMethod(MethodInvocationHelper.java:104)
	at org.testng.internal.Invoker.invokeMethod(Invoker.java:645)
	at org.testng.internal.Invoker.invokeTestMethod(Invoker.java:851)
	at org.testng.internal.Invoker.invokeTestMethods(Invoker.java:1177)
	at org.testng.internal.TestMethodWorker.invokeTestMethods(TestMethodWorker.java:129)
	at org.testng.internal.TestMethodWorker.run(TestMethodWorker.java:112)
	at org.testng.TestRunner.privateRun(TestRunner.java:756)
	at org.testng.TestRunner.run(TestRunner.java:610)
	at org.testng.SuiteRunner.runTest(SuiteRunner.java:387)
	at org.testng.SuiteRunner.runSequentially(SuiteRunner.java:382)
	at org.testng.SuiteRunner.privateRun(SuiteRunner.java:340)
	at org.testng.SuiteRunner.run(SuiteRunner.java:289)
	at org.testng.SuiteRunnerWorker.runSuite(SuiteRunnerWorker.java:52)
	at org.testng.SuiteRunnerWorker.run(SuiteRunnerWorker.java:86)
	at org.testng.TestNG.runSuitesSequentially(TestNG.java:1293)
	at org.testng.TestNG.runSuitesLocally(TestNG.java:1218)
	at org.testng.TestNG.runSuites(TestNG.java:1133)
	at org.testng.TestNG.run(TestNG.java:1104)
	at org.testng.remote.AbstractRemoteTestNG.run(AbstractRemoteTestNG.java:115)
	at org.testng.remote.RemoteTestNG.initAndRun(RemoteTestNG.java:251)
	at org.testng.remote.RemoteTestNG.main(RemoteTestNG.java:77)
]]>
    </failure>
  </testcase> <!-- functionality2 -->
</testsuite> <!-- functionalitiesTest.homePageData -->
